<?xml version="1.0" encoding="UTF-8"?>
<testsuite xmlns:xsi="http://www.w3.org/2001/XMLSchema-instance" xsi:noNamespaceSchemaLocation="https://maven.apache.org/surefire/maven-surefire-plugin/xsd/surefire-test-report-3.0.xsd" version="3.0" name="com.dct.kb.ai_chat.AiChatApplicationTests" time="5.421" tests="1" errors="0" skipped="0" failures="0">
  <properties>
[...]
</properties>
  <testcase name="contextLoads" classname="com.dct.kb.ai_chat.AiChatApplicationTests" time="1.121">
    <system-out><![CDATA[Standard Commons Logging discovery in action with spring-jcl: please remove commons-logging.jar from classpath in order to avoid potential conflicts
18:33:26.169 [main] INFO org.springframework.test.context.support.AnnotationConfigContextLoaderUtils -- Could not detect default configuration classes for test class [com.dct.kb.ai_chat.AiChatApplicationTests]: AiChatApplicationTests does not declare any static, non-private, non-final, nested classes annotated with @Configuration.
18:33:26.302 [main] INFO org.springframework.boot.test.context.SpringBootTestContextBootstrapper -- Found @SpringBootConfiguration com.dct.kb.ai_chat.AiChatApplication for test class com.dct.kb.ai_chat.AiChatApplicationTests

  .   ____          _            __ _ _
 /\\ / ___'_ __ _ _(_)_ __  __ _ \ \ \ \
( ( )\___ | '_ | '_| | '_ \/ _` | \ \ \ \
 \\/  ___)| |_)| | | | | || (_| |  ) ) ) )
  '  |____| .__|_| |_|_| |_\__, | / / / /
 =========|_|==============|___/=/_/_/_/

 :: Spring Boot ::                (v3.3.3)

2025-10-12T18:33:26.961-05:00  INFO 12324 --- [ai-chat] [           main] c.dct.kb.ai_chat.AiChatApplicationTests  : Starting AiChatApplicationTests using Java 17.0.5 with PID 12324 (started by durga in C:\Users\durga\OneDrive\Documents\AI Projects\AI-KB-Chat\backend\ai-chat)
2025-10-12T18:33:26.964-05:00  INFO 12324 --- [ai-chat] [           main] c.dct.kb.ai_chat.AiChatApplicationTests  : No active profile set, falling back to 1 default profile: "default"
2025-10-12T18:33:29.996-05:00  INFO 12324 --- [ai-chat] [           main] o.s.b.a.e.web.EndpointLinksResolver      : Exposing 2 endpoints beneath base path '/actuator'
2025-10-12T18:33:30.142-05:00  INFO 12324 --- [ai-chat] [           main] c.dct.kb.ai_chat.AiChatApplicationTests  : Started AiChatApplicationTests in 3.626 seconds (process running for 4.878)
]]></system-out>
  </testcase>
</testsuite>