<?xml version="1.0" encoding="UTF-8"?>
<testsuite xmlns:xsi="http://www.w3.org/2001/XMLSchema-instance" xsi:noNamespaceSchemaLocation="https://maven.apache.org/surefire/maven-surefire-plugin/xsd/surefire-test-report-3.0.xsd" version="3.0" name="com.dct.kb.ai_chat.AiChatApplicationTests" time="5.036" tests="1" errors="0" skipped="0" failures="0">
  <properties>
[...]
</properties>
  <testcase name="contextLoads" classname="com.dct.kb.ai_chat.AiChatApplicationTests" time="1.041">
    <system-out><![CDATA[Standard Commons Logging discovery in action with spring-jcl: please remove commons-logging.jar from classpath in order to avoid potential conflicts
20:34:57.068 [main] INFO org.springframework.test.context.support.AnnotationConfigContextLoaderUtils -- Could not detect default configuration classes for test class [com.dct.kb.ai_chat.AiChatApplicationTests]: AiChatApplicationTests does not declare any static, non-private, non-final, nested classes annotated with @Configuration.
20:34:57.197 [main] INFO org.springframework.boot.test.context.SpringBootTestContextBootstrapper -- Found @SpringBootConfiguration com.dct.kb.ai_chat.AiChatApplication for test class com.dct.kb.ai_chat.AiChatApplicationTests

  .   ____          _            __ _ _
 /\\ / ___'_ __ _ _(_)_ __  __ _ \ \ \ \
( ( )\___ | '_ | '_| | '_ \/ _` | \ \ \ \
 \\/  ___)| |_)| | | | | || (_| |  ) ) ) )
  '  |____| .__|_| |_|_| |_\__, | / / / /
 =========|_|==============|___/=/_/_/_/

 :: Spring Boot ::                (v3.3.3)

2025-10-14T20:34:57.840-05:00  INFO 14832 --- [ai-chat] [           main] c.a.s.p.s.AwsSpringWebRuntimeInitializer : AWS Environment: {PATH=C:\Program Files\Common Files\Oracle\Java\javapath;C:\WINDOWS\system32;C:\WINDOWS;C:\WINDOWS\System32\Wbem;C:\WINDOWS\System32\WindowsPowerShell\v1.0\;C:\WINDOWS\System32\OpenSSH\;C:\Program Files\dotnet\;C:\php-8.2.5;C:\Program Files\Git\cmd;C:\Program Files\Amazon\AWSCLIV2\;C:\Program Files\maven-mvnd-1.0.2-windows-amd64\bin;C:\Users\durga\AppData\Local\nvm;C:\nvm4w\nodejs;C:\Users\durga\AppData\Roaming\Programs\Python\Python311;C:\Users\durga\AppData\Roaming\Programs\Python\Python311\Scripts;C:\Program Files\maven-mvnd-1.0.2-windows-amd64\bin;C:\Program Files\Amazon\AWSSAMCLI\bin\;C:\Users\durga\AppData\Local\Programs\Python\Launcher\;C:\Users\durga\AppData\Local\Microsoft\WindowsApps;C:\Program Files\Java\jdk-17.0.5\bin;C:\php-8.2.5;C:\Users\durga\AppData\Local\Programs\Microsoft VS Code\bin;C:\Program Files\JetBrains\IntelliJ IDEA Community Edition 2025.1.4.1\bin;C:\Program Files\PostgreSQL\16\bin;C:\Program Files\PostgreSQL\16\lib;C:\Users\durga\AppData\Roaming\npm;C:\Program Files\maven-mvnd-1.0.2-windows-amd64\bin;C:\Users\durga\AppData\Local\nvm;C:\nvm4w\nodejs;C:\Users\durga\bin;C:\Program Files\maven-mvnd-1.0.3-windows-amd64\bin;, USERDOMAIN_ROAMINGPROFILE=CHARAN, NVM_SYMLINK=C:\nvm4w\nodejs, PROCESSOR_LEVEL=25, SYSTEMDRIVE=C:, M2=C:\Program Files\maven-mvnd-1.0.3-windows-amd64, SESSIONNAME=Console, ALLUSERSPROFILE=C:\ProgramData, PROCESSOR_ARCHITECTURE=AMD64, DRIVERDATA=C:\Windows\System32\Drivers\DriverData, MAVEN_HOME=C:\Users\durga, PROGRAMFILES=C:\Program Files, PSMODULEPATH=C:\Program Files\WindowsPowerShell\Modules;C:\WINDOWS\system32\WindowsPowerShell\v1.0\Modules, PROGRAMDATA=C:\ProgramData, CHOCOLATEYLASTPATHUPDATE=133270361857341842, USERNAME=durga, FPS_BROWSER_USER_PROFILE_STRING=Default, ONEDRIVE=C:\Users\durga\OneDrive, PATHEXT=.COM;.EXE;.BAT;.CMD;.VBS;.VBE;.JS;.JSE;.WSF;.WSH;.MSC, ONEDRIVECONSUMER=C:\Users\durga\OneDrive, WINDIR=C:\WINDOWS, HOMEPATH=\Users\durga, PROCESSOR_IDENTIFIER=AMD64 Family 25 Model 80 Stepping 0, AuthenticAMD, M2_HOME=C:\Program Files\maven-mvnd-1.0.3-windows-amd64, PUBLIC=C:\Users\Public, =::=::\, EFC_10380_1592913036=1, LOCALAPPDATA=C:\Users\durga\AppData\Local, COMMONPROGRAMFILES(X86)=C:\Program Files (x86)\Common Files, USERDOMAIN=CHARAN, FPS_BROWSER_APP_PROFILE_STRING=Internet Explorer, LOGONSERVER=\\CHARAN, PROMPT=$P$G, PROGRAMFILES(X86)=C:\Program Files (x86), =C:=C:\Users\durga\OneDrive\Documents\AI Projects\AI-KB-Chat\backend\ai-chat, APPDATA=C:\Users\durga\AppData\Roaming, PROGRAMW6432=C:\Program Files, SYSTEMROOT=C:\WINDOWS, CHOCOLATEYINSTALL=C:\ProgramData\chocolatey, VBOX_MSI_INSTALL_PATH=C:\Program Files\Oracle\VirtualBox\, OS=Windows_NT, COMMONPROGRAMW6432=C:\Program Files\Common Files, COMPUTERNAME=CHARAN, INTELLIJ IDEA COMMUNITY EDITION=C:\Program Files\JetBrains\IntelliJ IDEA Community Edition 2025.1.4.1\bin;, COMMONPROGRAMFILES=C:\Program Files\Common Files, COMSPEC=C:\WINDOWS\system32\cmd.exe, NVM_HOME=C:\Users\durga\AppData\Local\nvm, PROCESSOR_REVISION=5000, CLASSPATH=C:\Users\durga\Downloads\db-derby-10.15.2.0-bin\db-derby-10.15.2.0-bin\lib\derby.jar;C:\Users\durga\Downloads\db-derby-10.15.2.0-bin\db-derby-10.15.2.0-bin\lib\derbytools.jar, TEMP=C:\Users\durga\AppData\Local\Temp, HOMEDRIVE=C:, USERPROFILE=C:\Users\durga, TMP=C:\Users\durga\AppData\Local\Temp, NUMBER_OF_PROCESSORS=12}
2025-10-14T20:34:57.850-05:00  INFO 14832 --- [ai-chat] [           main] c.dct.kb.ai_chat.AiChatApplicationTests  : Starting AiChatApplicationTests using Java 17.0.5 with PID 14832 (started by durga in C:\Users\durga\OneDrive\Documents\AI Projects\AI-KB-Chat\backend\ai-chat)
2025-10-14T20:34:57.851-05:00  INFO 14832 --- [ai-chat] [           main] c.dct.kb.ai_chat.AiChatApplicationTests  : No active profile set, falling back to 1 default profile: "default"
2025-10-14T20:35:00.693-05:00  INFO 14832 --- [ai-chat] [           main] o.s.b.a.e.web.EndpointLinksResolver      : Exposing 2 endpoints beneath base path '/actuator'
2025-10-14T20:35:00.781-05:00  INFO 14832 --- [ai-chat] [           main] c.dct.kb.ai_chat.AiChatApplicationTests  : Started AiChatApplicationTests in 3.352 seconds (process running for 4.498)
]]></system-out>
  </testcase>
</testsuite>